# JRE version: OpenJDK Runtime Environment (11.0.11+9) (build 11.0.11+9-b60-7590822)
# Java VM: OpenJDK 64-Bit Server VM (11.0.11+9-b60-7590822, mixed mode, tiered, compressed oops, g1 gc, windows-amd64)
Heap:
 garbage-first heap   total 244736K, used 100344K [0x0000000080000000, 0x0000000100000000)
  region size 1024K, 1 young (1024K), 1 survivors (1024K)
 Metaspace       used 122948K, capacity 126148K, committed 126492K, reserved 1159168K
  class space    used 15401K, capacity 16648K, committed 16768K, reserved 1048576K
GC Heap History (20 events):
Event: 6774.939 GC heap after
{Heap after GC invocations=232 (full 0):
 garbage-first heap   total 195584K, used 102160K [0x0000000080000000, 0x0000000100000000)
  region size 1024K, 2 young (2048K), 2 survivors (2048K)
 Metaspace       used 122847K, capacity 126113K, committed 126492K, reserved 1159168K
  class space    used 15398K, capacity 16643K, committed 16768K, reserved 1048576K
}
Event: 6786.037 GC heap before
{Heap before GC invocations=233 (full 0):
 garbage-first heap   total 195584K, used 109328K [0x0000000080000000, 0x0000000100000000)
  region size 1024K, 9 young (9216K), 2 survivors (2048K)
 Metaspace       used 122857K, capacity 126120K, committed 126492K, reserved 1159168K
  class space    used 15399K, capacity 16644K, committed 16768K, reserved 1048576K
}
Event: 6786.196 GC heap after
{Heap after GC invocations=234 (full 0):
 garbage-first heap   total 195584K, used 104354K [0x0000000080000000, 0x0000000100000000)
  region size 1024K, 2 young (2048K), 2 survivors (2048K)
 Metaspace       used 122857K, capacity 126120K, committed 126492K, reserved 1159168K
  class space    used 15399K, capacity 16644K, committed 16768K, reserved 1048576K
}
Event: 6787.318 GC heap before
{Heap before GC invocations=234 (full 0):
 garbage-first heap   total 195584K, used 111522K [0x0000000080000000, 0x0000000100000000)
  region size 1024K, 9 young (9216K), 2 survivors (2048K)
 Metaspace       used 122870K, capacity 126125K, committed 126492K, reserved 1159168K
  class space    used 15399K, capacity 16644K, committed 16768K, reserved 1048576K
}
Event: 6787.448 GC heap after
{Heap after GC invocations=235 (full 0):
 garbage-first heap   total 195584K, used 102210K [0x0000000080000000, 0x0000000100000000)
  region size 1024K, 2 young (2048K), 2 survivors (2048K)
 Metaspace       used 122870K, capacity 126125K, committed 126492K, reserved 1159168K
  class space    used 15399K, capacity 16644K, committed 16768K, reserved 1048576K
}
Event: 6787.917 GC heap before
{Heap before GC invocations=235 (full 0):
 garbage-first heap   total 195584K, used 108354K [0x0000000080000000, 0x0000000100000000)
  region size 1024K, 9 young (9216K), 2 survivors (2048K)
 Metaspace       used 122873K, capacity 126125K, committed 126492K, reserved 1159168K
  class space    used 15399K, capacity 16644K, committed 16768K, reserved 1048576K
}
Event: 6788.097 GC heap after
{Heap after GC invocations=236 (full 0):
 garbage-first heap   total 195584K, used 102029K [0x0000000080000000, 0x0000000100000000)
  region size 1024K, 1 young (1024K), 1 survivors (1024K)
 Metaspace       used 122873K, capacity 126125K, committed 126492K, reserved 1159168K
  class space    used 15399K, capacity 16644K, committed 16768K, reserved 1048576K
}
Event: 6792.536 GC heap before
{Heap before GC invocations=236 (full 0):
 garbage-first heap   total 195584K, used 110221K [0x0000000080000000, 0x0000000100000000)
  region size 1024K, 9 young (9216K), 1 survivors (1024K)
 Metaspace       used 122875K, capacity 126125K, committed 126492K, reserved 1159168K
  class space    used 15399K, capacity 16644K, committed 16768K, reserved 1048576K
}
Event: 6792.595 GC heap after
{Heap after GC invocations=237 (full 0):
 garbage-first heap   total 195584K, used 103419K [0x0000000080000000, 0x0000000100000000)
  region size 1024K, 2 young (2048K), 2 survivors (2048K)
 Metaspace       used 122875K, capacity 126125K, committed 126492K, reserved 1159168K
  class space    used 15399K, capacity 16644K, committed 16768K, reserved 1048576K
}
Event: 6792.901 GC heap before
{Heap before GC invocations=237 (full 0):
 garbage-first heap   total 195584K, used 110587K [0x0000000080000000, 0x0000000100000000)
  region size 1024K, 9 young (9216K), 2 survivors (2048K)
 Metaspace       used 122876K, capacity 126125K, committed 126492K, reserved 1159168K
  class space    used 15399K, capacity 16644K, committed 16768K, reserved 1048576K
}
Event: 6793.008 GC heap after
{Heap after GC invocations=238 (full 0):
 garbage-first heap   total 195584K, used 104326K [0x0000000080000000, 0x0000000100000000)
  region size 1024K, 2 young (2048K), 2 survivors (2048K)
 Metaspace       used 122876K, capacity 126125K, committed 126492K, reserved 1159168K
  class space    used 15399K, capacity 16644K, committed 16768K, reserved 1048576K
}
Event: 6794.618 GC heap before
{Heap before GC invocations=239 (full 0):
 garbage-first heap   total 195584K, used 111494K [0x0000000080000000, 0x0000000100000000)
  region size 1024K, 9 young (9216K), 2 survivors (2048K)
 Metaspace       used 122878K, capacity 126125K, committed 126492K, reserved 1159168K
  class space    used 15399K, capacity 16644K, committed 16768K, reserved 1048576K
}
Event: 6794.626 GC heap after
{Heap after GC invocations=240 (full 0):
 garbage-first heap   total 195584K, used 104384K [0x0000000080000000, 0x0000000100000000)
  region size 1024K, 1 young (1024K), 1 survivors (1024K)
 Metaspace       used 122878K, capacity 126125K, committed 126492K, reserved 1159168K
  class space    used 15399K, capacity 16644K, committed 16768K, reserved 1048576K
}
Event: 6814.737 GC heap before
{Heap before GC invocations=240 (full 0):
 garbage-first heap   total 195584K, used 114624K [0x0000000080000000, 0x0000000100000000)
  region size 1024K, 12 young (12288K), 1 survivors (1024K)
 Metaspace       used 122923K, capacity 126139K, committed 126492K, reserved 1159168K
  class space    used 15400K, capacity 16645K, committed 16768K, reserved 1048576K
}
Event: 6814.955 GC heap after
{Heap after GC invocations=241 (full 0):
 garbage-first heap   total 195584K, used 102419K [0x0000000080000000, 0x0000000100000000)
  region size 1024K, 1 young (1024K), 1 survivors (1024K)
 Metaspace       used 122923K, capacity 126139K, committed 126492K, reserved 1159168K
  class space    used 15400K, capacity 16645K, committed 16768K, reserved 1048576K
}
Event: 6845.274 GC heap before
{Heap before GC invocations=242 (full 0):
 garbage-first heap   total 195584K, used 112659K [0x0000000080000000, 0x0000000100000000)
  region size 1024K, 11 young (11264K), 1 survivors (1024K)
 Metaspace       used 122941K, capacity 126148K, committed 126492K, reserved 1159168K
  class space    used 15401K, capacity 16648K, committed 16768K, reserved 1048576K
}
Event: 6845.284 GC heap after
{Heap after GC invocations=243 (full 0):
 garbage-first heap   total 195584K, used 102528K [0x0000000080000000, 0x0000000100000000)
  region size 1024K, 1 young (1024K), 1 survivors (1024K)
 Metaspace       used 122941K, capacity 126148K, committed 126492K, reserved 1159168K
  class space    used 15401K, capacity 16648K, committed 16768K, reserved 1048576K
}
Event: 6851.945 GC heap before
{Heap before GC invocations=243 (full 0):
 garbage-first heap   total 195584K, used 134272K [0x0000000080000000, 0x0000000100000000)
  region size 1024K, 9 young (9216K), 1 survivors (1024K)
 Metaspace       used 122948K, capacity 126148K, committed 126492K, reserved 1159168K
  class space    used 15401K, capacity 16648K, committed 16768K, reserved 1048576K
}
Event: 6853.636 GC heap after
{Heap after GC invocations=244 (full 0):
 garbage-first heap   total 195584K, used 100344K [0x0000000080000000, 0x0000000100000000)
  region size 1024K, 1 young (1024K), 1 survivors (1024K)
 Metaspace       used 122948K, capacity 126148K, committed 126492K, reserved 1159168K
  class space    used 15401K, capacity 16648K, committed 16768K, reserved 1048576K
}
Event: 6853.648 GC heap before
{Heap before GC invocations=244 (full 0):
 garbage-first heap   total 195584K, used 100344K [0x0000000080000000, 0x0000000100000000)
  region size 1024K, 2 young (2048K), 1 survivors (1024K)
 Metaspace       used 122948K, capacity 126148K, committed 126492K, reserved 1159168K
  class space    used 15401K, capacity 16648K, committed 16768K, reserved 1048576K
}

