# JRE version: OpenJDK Runtime Environment (11.0.11+9) (build 11.0.11+9-b60-7590822)
# Java VM: OpenJDK 64-Bit Server VM (11.0.11+9-b60-7590822, mixed mode, tiered, compressed oops, g1 gc, windows-amd64)
Heap:
 garbage-first heap   total 76800K, used 63961K [0x00000000c2c00000, 0x0000000100000000)
  region size 1024K, 2 young (2048K), 1 survivors (1024K)
 Metaspace       used 73364K, capacity 74025K, committed 74112K, reserved 1116160K
  class space    used 7754K, capacity 7993K, committed 8064K, reserved 1048576K
GC Heap History (20 events):
Event: 190.473 GC heap before
{Heap before GC invocations=94 (full 0):
 garbage-first heap   total 76800K, used 65536K [0x00000000c2c00000, 0x0000000100000000)
  region size 1024K, 5 young (5120K), 1 survivors (1024K)
 Metaspace       used 70206K, capacity 70871K, committed 71040K, reserved 1112064K
  class space    used 7540K, capacity 7797K, committed 7808K, reserved 1048576K
}
Event: 190.480 GC heap after
{Heap after GC invocations=95 (full 0):
 garbage-first heap   total 76800K, used 62225K [0x00000000c2c00000, 0x0000000100000000)
  region size 1024K, 1 young (1024K), 1 survivors (1024K)
 Metaspace       used 70206K, capacity 70871K, committed 71040K, reserved 1112064K
  class space    used 7540K, capacity 7797K, committed 7808K, reserved 1048576K
}
Event: 190.524 GC heap before
{Heap before GC invocations=95 (full 0):
 garbage-first heap   total 76800K, used 65297K [0x00000000c2c00000, 0x0000000100000000)
  region size 1024K, 4 young (4096K), 1 survivors (1024K)
 Metaspace       used 70213K, capacity 70871K, committed 71040K, reserved 1112064K
  class space    used 7540K, capacity 7797K, committed 7808K, reserved 1048576K
}
Event: 190.528 GC heap after
{Heap after GC invocations=96 (full 0):
 garbage-first heap   total 76800K, used 62762K [0x00000000c2c00000, 0x0000000100000000)
  region size 1024K, 1 young (1024K), 1 survivors (1024K)
 Metaspace       used 70213K, capacity 70871K, committed 71040K, reserved 1112064K
  class space    used 7540K, capacity 7797K, committed 7808K, reserved 1048576K
}
Event: 191.068 GC heap before
{Heap before GC invocations=97 (full 0):
 garbage-first heap   total 76800K, used 65834K [0x00000000c2c00000, 0x0000000100000000)
  region size 1024K, 4 young (4096K), 1 survivors (1024K)
 Metaspace       used 70441K, capacity 71063K, committed 71296K, reserved 1112064K
  class space    used 7563K, capacity 7797K, committed 7808K, reserved 1048576K
}
Event: 191.074 GC heap after
{Heap after GC invocations=98 (full 0):
 garbage-first heap   total 76800K, used 62884K [0x00000000c2c00000, 0x0000000100000000)
  region size 1024K, 1 young (1024K), 1 survivors (1024K)
 Metaspace       used 70441K, capacity 71063K, committed 71296K, reserved 1112064K
  class space    used 7563K, capacity 7797K, committed 7808K, reserved 1048576K
}
Event: 192.761 GC heap before
{Heap before GC invocations=98 (full 0):
 garbage-first heap   total 76800K, used 64932K [0x00000000c2c00000, 0x0000000100000000)
  region size 1024K, 4 young (4096K), 1 survivors (1024K)
 Metaspace       used 70956K, capacity 71575K, committed 71680K, reserved 1114112K
  class space    used 7621K, capacity 7861K, committed 7936K, reserved 1048576K
}
Event: 192.770 GC heap after
{Heap after GC invocations=99 (full 0):
 garbage-first heap   total 76800K, used 62911K [0x00000000c2c00000, 0x0000000100000000)
  region size 1024K, 1 young (1024K), 1 survivors (1024K)
 Metaspace       used 70956K, capacity 71575K, committed 71680K, reserved 1114112K
  class space    used 7621K, capacity 7861K, committed 7936K, reserved 1048576K
}
Event: 193.980 GC heap before
{Heap before GC invocations=100 (full 0):
 garbage-first heap   total 76800K, used 64959K [0x00000000c2c00000, 0x0000000100000000)
  region size 1024K, 3 young (3072K), 1 survivors (1024K)
 Metaspace       used 71166K, capacity 71863K, committed 71936K, reserved 1114112K
  class space    used 7631K, capacity 7893K, committed 7936K, reserved 1048576K
}
Event: 193.984 GC heap after
{Heap after GC invocations=101 (full 0):
 garbage-first heap   total 76800K, used 63001K [0x00000000c2c00000, 0x0000000100000000)
  region size 1024K, 1 young (1024K), 1 survivors (1024K)
 Metaspace       used 71166K, capacity 71863K, committed 71936K, reserved 1114112K
  class space    used 7631K, capacity 7893K, committed 7936K, reserved 1048576K
}
Event: 194.121 GC heap before
{Heap before GC invocations=101 (full 0):
 garbage-first heap   total 76800K, used 65049K [0x00000000c2c00000, 0x0000000100000000)
  region size 1024K, 3 young (3072K), 1 survivors (1024K)
 Metaspace       used 71259K, capacity 71927K, committed 72192K, reserved 1114112K
  class space    used 7631K, capacity 7893K, committed 7936K, reserved 1048576K
}
Event: 194.125 GC heap after
{Heap after GC invocations=102 (full 0):
 garbage-first heap   total 76800K, used 63125K [0x00000000c2c00000, 0x0000000100000000)
  region size 1024K, 1 young (1024K), 1 survivors (1024K)
 Metaspace       used 71259K, capacity 71927K, committed 72192K, reserved 1114112K
  class space    used 7631K, capacity 7893K, committed 7936K, reserved 1048576K
}
Event: 197.715 GC heap before
{Heap before GC invocations=103 (full 0):
 garbage-first heap   total 76800K, used 65173K [0x00000000c2c00000, 0x0000000100000000)
  region size 1024K, 3 young (3072K), 1 survivors (1024K)
 Metaspace       used 71688K, capacity 72352K, committed 72448K, reserved 1114112K
  class space    used 7677K, capacity 7928K, committed 7936K, reserved 1048576K
}
Event: 197.728 GC heap after
{Heap after GC invocations=104 (full 0):
 garbage-first heap   total 76800K, used 63170K [0x00000000c2c00000, 0x0000000100000000)
  region size 1024K, 1 young (1024K), 1 survivors (1024K)
 Metaspace       used 71688K, capacity 72352K, committed 72448K, reserved 1114112K
  class space    used 7677K, capacity 7928K, committed 7936K, reserved 1048576K
}
Event: 197.949 GC heap before
{Heap before GC invocations=104 (full 0):
 garbage-first heap   total 76800K, used 65218K [0x00000000c2c00000, 0x0000000100000000)
  region size 1024K, 3 young (3072K), 1 survivors (1024K)
 Metaspace       used 71928K, capacity 72544K, committed 72704K, reserved 1114112K
  class space    used 7687K, capacity 7928K, committed 7936K, reserved 1048576K
}
Event: 197.953 GC heap after
{Heap after GC invocations=105 (full 0):
 garbage-first heap   total 76800K, used 63205K [0x00000000c2c00000, 0x0000000100000000)
  region size 1024K, 1 young (1024K), 1 survivors (1024K)
 Metaspace       used 71928K, capacity 72544K, committed 72704K, reserved 1114112K
  class space    used 7687K, capacity 7928K, committed 7936K, reserved 1048576K
}
Event: 199.795 GC heap before
{Heap before GC invocations=106 (full 0):
 garbage-first heap   total 76800K, used 65253K [0x00000000c2c00000, 0x0000000100000000)
  region size 1024K, 3 young (3072K), 1 survivors (1024K)
 Metaspace       used 72389K, capacity 73088K, committed 73344K, reserved 1114112K
  class space    used 7725K, capacity 7960K, committed 8064K, reserved 1048576K
}
Event: 199.816 GC heap after
{Heap after GC invocations=107 (full 0):
 garbage-first heap   total 76800K, used 63275K [0x00000000c2c00000, 0x0000000100000000)
  region size 1024K, 1 young (1024K), 1 survivors (1024K)
 Metaspace       used 72389K, capacity 73088K, committed 73344K, reserved 1114112K
  class space    used 7725K, capacity 7960K, committed 8064K, reserved 1048576K
}
Event: 199.945 GC heap before
{Heap before GC invocations=107 (full 0):
 garbage-first heap   total 76800K, used 64299K [0x00000000c2c00000, 0x0000000100000000)
  region size 1024K, 3 young (3072K), 1 survivors (1024K)
 Metaspace       used 72445K, capacity 73158K, committed 73344K, reserved 1114112K
  class space    used 7729K, capacity 7961K, committed 8064K, reserved 1048576K
}
Event: 199.952 GC heap after
{Heap after GC invocations=108 (full 0):
 garbage-first heap   total 76800K, used 63389K [0x00000000c2c00000, 0x0000000100000000)
  region size 1024K, 1 young (1024K), 1 survivors (1024K)
 Metaspace       used 72445K, capacity 73158K, committed 73344K, reserved 1114112K
  class space    used 7729K, capacity 7961K, committed 8064K, reserved 1048576K
}

