# JRE version: OpenJDK Runtime Environment (11.0.11+9) (build 11.0.11+9-b60-7590822)
# Java VM: OpenJDK 64-Bit Server VM (11.0.11+9-b60-7590822, mixed mode, tiered, compressed oops, g1 gc, windows-amd64)
Heap:
 garbage-first heap   total 343040K, used 102338K [0x0000000080000000, 0x0000000100000000)
  region size 1024K, 1 young (1024K), 1 survivors (1024K)
 Metaspace       used 115883K, capacity 118917K, committed 119420K, reserved 1153024K
  class space    used 14725K, capacity 15903K, committed 16128K, reserved 1048576K
GC Heap History (20 events):
Event: 3696.074 GC heap after
{Heap after GC invocations=162 (full 0):
 garbage-first heap   total 198656K, used 102201K [0x0000000080000000, 0x0000000100000000)
  region size 1024K, 2 young (2048K), 2 survivors (2048K)
 Metaspace       used 115458K, capacity 118510K, committed 119164K, reserved 1153024K
  class space    used 14722K, capacity 15899K, committed 16128K, reserved 1048576K
}
Event: 3696.522 GC heap before
{Heap before GC invocations=162 (full 0):
 garbage-first heap   total 198656K, used 109369K [0x0000000080000000, 0x0000000100000000)
  region size 1024K, 10 young (10240K), 2 survivors (2048K)
 Metaspace       used 115543K, capacity 118596K, committed 119164K, reserved 1153024K
  class space    used 14722K, capacity 15899K, committed 16128K, reserved 1048576K
}
Event: 3696.587 GC heap after
{Heap after GC invocations=163 (full 0):
 garbage-first heap   total 198656K, used 103886K [0x0000000080000000, 0x0000000100000000)
  region size 1024K, 2 young (2048K), 2 survivors (2048K)
 Metaspace       used 115543K, capacity 118596K, committed 119164K, reserved 1153024K
  class space    used 14722K, capacity 15899K, committed 16128K, reserved 1048576K
}
Event: 3697.565 GC heap before
{Heap before GC invocations=164 (full 0):
 garbage-first heap   total 198656K, used 113102K [0x0000000080000000, 0x0000000100000000)
  region size 1024K, 11 young (11264K), 2 survivors (2048K)
 Metaspace       used 115558K, capacity 118663K, committed 119164K, reserved 1153024K
  class space    used 14722K, capacity 15899K, committed 16128K, reserved 1048576K
}
Event: 3697.622 GC heap after
{Heap after GC invocations=165 (full 0):
 garbage-first heap   total 198656K, used 105749K [0x0000000080000000, 0x0000000100000000)
  region size 1024K, 2 young (2048K), 2 survivors (2048K)
 Metaspace       used 115558K, capacity 118663K, committed 119164K, reserved 1153024K
  class space    used 14722K, capacity 15899K, committed 16128K, reserved 1048576K
}
Event: 3698.780 GC heap before
{Heap before GC invocations=165 (full 0):
 garbage-first heap   total 198656K, used 112917K [0x0000000080000000, 0x0000000100000000)
  region size 1024K, 9 young (9216K), 2 survivors (2048K)
 Metaspace       used 115563K, capacity 118663K, committed 119164K, reserved 1153024K
  class space    used 14722K, capacity 15899K, committed 16128K, reserved 1048576K
}
Event: 3698.888 GC heap after
{Heap after GC invocations=166 (full 0):
 garbage-first heap   total 198656K, used 106254K [0x0000000080000000, 0x0000000100000000)
  region size 1024K, 2 young (2048K), 2 survivors (2048K)
 Metaspace       used 115563K, capacity 118663K, committed 119164K, reserved 1153024K
  class space    used 14722K, capacity 15899K, committed 16128K, reserved 1048576K
}
Event: 3699.607 GC heap before
{Heap before GC invocations=166 (full 0):
 garbage-first heap   total 198656K, used 117518K [0x0000000080000000, 0x0000000100000000)
  region size 1024K, 14 young (14336K), 2 survivors (2048K)
 Metaspace       used 115628K, capacity 118730K, committed 119164K, reserved 1153024K
  class space    used 14722K, capacity 15899K, committed 16128K, reserved 1048576K
}
Event: 3699.615 GC heap after
{Heap after GC invocations=167 (full 0):
 garbage-first heap   total 198656K, used 106059K [0x0000000080000000, 0x0000000100000000)
  region size 1024K, 1 young (1024K), 1 survivors (1024K)
 Metaspace       used 115628K, capacity 118730K, committed 119164K, reserved 1153024K
  class space    used 14722K, capacity 15899K, committed 16128K, reserved 1048576K
}
Event: 3700.454 GC heap before
{Heap before GC invocations=168 (full 0):
 garbage-first heap   total 198656K, used 122443K [0x0000000080000000, 0x0000000100000000)
  region size 1024K, 17 young (17408K), 1 survivors (1024K)
 Metaspace       used 115645K, capacity 118731K, committed 119164K, reserved 1153024K
  class space    used 14722K, capacity 15899K, committed 16128K, reserved 1048576K
}
Event: 3700.466 GC heap after
{Heap after GC invocations=169 (full 0):
 garbage-first heap   total 198656K, used 107051K [0x0000000080000000, 0x0000000100000000)
  region size 1024K, 2 young (2048K), 2 survivors (2048K)
 Metaspace       used 115645K, capacity 118731K, committed 119164K, reserved 1153024K
  class space    used 14722K, capacity 15899K, committed 16128K, reserved 1048576K
}
Event: 3700.552 GC heap before
{Heap before GC invocations=169 (full 0):
 garbage-first heap   total 198656K, used 114219K [0x0000000080000000, 0x0000000100000000)
  region size 1024K, 9 young (9216K), 2 survivors (2048K)
 Metaspace       used 115648K, capacity 118731K, committed 119164K, reserved 1153024K
  class space    used 14722K, capacity 15899K, committed 16128K, reserved 1048576K
}
Event: 3700.710 GC heap after
{Heap after GC invocations=170 (full 0):
 garbage-first heap   total 198656K, used 105810K [0x0000000080000000, 0x0000000100000000)
  region size 1024K, 2 young (2048K), 2 survivors (2048K)
 Metaspace       used 115648K, capacity 118731K, committed 119164K, reserved 1153024K
  class space    used 14722K, capacity 15899K, committed 16128K, reserved 1048576K
}
Event: 3701.193 GC heap before
{Heap before GC invocations=170 (full 0):
 garbage-first heap   total 198656K, used 121170K [0x0000000080000000, 0x0000000100000000)
  region size 1024K, 17 young (17408K), 2 survivors (2048K)
 Metaspace       used 115657K, capacity 118731K, committed 119164K, reserved 1153024K
  class space    used 14722K, capacity 15899K, committed 16128K, reserved 1048576K
}
Event: 3701.201 GC heap after
{Heap after GC invocations=171 (full 0):
 garbage-first heap   total 198656K, used 104674K [0x0000000080000000, 0x0000000100000000)
  region size 1024K, 1 young (1024K), 1 survivors (1024K)
 Metaspace       used 115657K, capacity 118731K, committed 119164K, reserved 1153024K
  class space    used 14722K, capacity 15899K, committed 16128K, reserved 1048576K
}
Event: 3702.538 GC heap before
{Heap before GC invocations=172 (full 0):
 garbage-first heap   total 198656K, used 125154K [0x0000000080000000, 0x0000000100000000)
  region size 1024K, 21 young (21504K), 1 survivors (1024K)
 Metaspace       used 115731K, capacity 118800K, committed 119420K, reserved 1153024K
  class space    used 14722K, capacity 15899K, committed 16128K, reserved 1048576K
}
Event: 3702.546 GC heap after
{Heap after GC invocations=173 (full 0):
 garbage-first heap   total 198656K, used 104897K [0x0000000080000000, 0x0000000100000000)
  region size 1024K, 1 young (1024K), 1 survivors (1024K)
 Metaspace       used 115731K, capacity 118800K, committed 119420K, reserved 1153024K
  class space    used 14722K, capacity 15899K, committed 16128K, reserved 1048576K
}
Event: 3703.484 GC heap before
{Heap before GC invocations=173 (full 0):
 garbage-first heap   total 198656K, used 112065K [0x0000000080000000, 0x0000000100000000)
  region size 1024K, 9 young (9216K), 1 survivors (1024K)
 Metaspace       used 115747K, capacity 118808K, committed 119420K, reserved 1153024K
  class space    used 14722K, capacity 15899K, committed 16128K, reserved 1048576K
}
Event: 3703.513 GC heap after
{Heap after GC invocations=174 (full 0):
 garbage-first heap   total 198656K, used 104462K [0x0000000080000000, 0x0000000100000000)
  region size 1024K, 1 young (1024K), 1 survivors (1024K)
 Metaspace       used 115747K, capacity 118808K, committed 119420K, reserved 1153024K
  class space    used 14722K, capacity 15899K, committed 16128K, reserved 1048576K
}
Event: 3712.571 GC heap before
{Heap before GC invocations=174 (full 0):
 garbage-first heap   total 198656K, used 136206K [0x0000000080000000, 0x0000000100000000)
  region size 1024K, 33 young (33792K), 1 survivors (1024K)
 Metaspace       used 115883K, capacity 118917K, committed 119420K, reserved 1153024K
  class space    used 14725K, capacity 15903K, committed 16128K, reserved 1048576K
}

